#
# A fatal error has been detected by the Java Runtime Environment:
#
#  EXCEPTION_ACCESS_VIOLATION (0xc0000005) at pc=0x00007ff8450905e0, pid=5468, tid=7600
#
# JRE version: OpenJDK Runtime Environment (14.0.2+12) (build 14.0.2+12-46)
# Java VM: OpenJDK 64-Bit Server VM (14.0.2+12-46, mixed mode, sharing, tiered, compressed oops, g1 gc, windows-amd64)
# Problematic frame:
# V  [jvm.dll+0x6605e0]
#
# No core dump will be written. Minidumps are not enabled by default on client versions of Windows
#
# If you would like to submit a bug report, please visit:
#   https://bugreport.java.com/bugreport/crash.jsp
#

---------------  S U M M A R Y ------------

Command Line: -javaagent:C:\Program Files\JetBrains\IntelliJ IDEA 2020.2.11\lib\idea_rt.jar=64117:C:\Program Files\JetBrains\IntelliJ IDEA 2020.2.11\bin -Dfile.encoding=UTF-8 educanet.Main

Host: Intel(R) Core(TM) i5-7200U CPU @ 2.50GHz, 4 cores, 7G,  Windows 10 , 64 bit Build 19041 (10.0.19041.928)
Time: Mon May 31 11:55:00 2021 Støední Evropa (letní èas) elapsed time: 1 seconds (0d 0h 0m 1s)

---------------  T H R E A D  ---------------

Current thread (0x00000229e6264800):  JavaThread "main" [_thread_in_vm, id=7600, stack(0x000000fa48b00000,0x000000fa48c00000)]

Stack: [0x000000fa48b00000,0x000000fa48c00000],  sp=0x000000fa48bfbf90,  free space=1007k
Native frames: (J=compiled Java code, j=interpreted, Vv=VM code, C=native code)
V  [jvm.dll+0x6605e0]
V  [jvm.dll+0x660421]
V  [jvm.dll+0x660cd0]
C  0x00000229eea5b08c

Java frames: (J=compiled Java code, j=interpreted, Vv=VM code)
v  ~RuntimeStub::ic_miss_stub
J 847 c1 sun.nio.cs.StreamEncoder.writeBytes()V java.base@14.0.2 (132 bytes) @ 0x00000229ef110024 [0x00000229ef10fa80+0x00000000000005a4]
J 833 c1 sun.nio.cs.StreamEncoder.implFlushBuffer()V java.base@14.0.2 (15 bytes) @ 0x00000229ef10912c [0x00000229ef109040+0x00000000000000ec]
j  sun.nio.cs.StreamEncoder.flushBuffer()V+15 java.base@14.0.2
J 844 c1 java.io.OutputStreamWriter.flushBuffer()V java.base@14.0.2 (8 bytes) @ 0x00000229ef10bfd4 [0x00000229ef10bf40+0x0000000000000094]
j  java.io.PrintStream.writeln(Ljava/lang/String;)V+34 java.base@14.0.2
j  java.io.PrintStream.println(Ljava/lang/String;)V+14 java.base@14.0.2
j  educanet.Square.update(J)V+456
j  educanet.Main.main([Ljava/lang/String;)V+131
v  ~StubRoutines::call_stub

siginfo: EXCEPTION_ACCESS_VIOLATION (0xc0000005), reading address 0x000000003eb333cb


Register to memory mapping:

RIP=0x00007ff8450905e0 jvm.dll
RAX=0x0000022986409aa0 points into unknown readable memory: 33 33 b3 3e 00 00 00 00
RBX=0x00000229e6265850 points into unknown readable memory: c8 ee aa 88 00 00 00 00
RCX=0x000000003eb33333 is an unknown value
RDX=0x00000229eea3d480 is pointing into InlineCacheBuffer
RSP=0x000000fa48bfbf90 is pointing into the stack for thread: 0x00000229e6264800
RBP=0x0 is NULL
RSI=0x00000229e6265460 points into unknown readable memory: 80 54 26 e6 29 02 00 00
RDI=0x0000022986409aa0 points into unknown readable memory: 33 33 b3 3e 00 00 00 00
R8 =0x00000229eea54980 points into unknown readable memory: 06 00 00 00 00 00 00 00
R9 =0x00000229e4220000 points into unknown readable memory: 00 01 02 03 04 05 00 01
R10=0x00000229eea10000 points into unknown readable memory: 06 00 00 00 00 00 00 00
R11=0x000000fa48bfbf80 is pointing into the stack for thread: 0x00000229e6264800
R12=0x00000229ef10f810 is at entry_point+-624 in (nmethod*)0x00000229ef10f810
R13=0x00000229ef10f810 is at entry_point+-624 in (nmethod*)0x00000229ef10f810
R14=0x000000fa48bfc090 is pointing into the stack for thread: 0x00000229e6264800
R15=0x000000fa48bfc070 is pointing into the stack for thread: 0x00000229e6264800


Registers:
RAX=0x0000022986409aa0, RBX=0x00000229e6265850, RCX=0x000000003eb33333, RDX=0x00000229eea3d480
RSP=0x000000fa48bfbf90, RBP=0x0000000000000000, RSI=0x00000229e6265460, RDI=0x0000022986409aa0
R8 =0x00000229eea54980, R9 =0x00000229e4220000, R10=0x00000229eea10000, R11=0x000000fa48bfbf80
R12=0x00000229ef10f810, R13=0x00000229ef10f810, R14=0x000000fa48bfc090, R15=0x000000fa48bfc070
RIP=0x00007ff8450905e0, EFLAGS=0x0000000000010246

Top of Stack: (sp=0x000000fa48bfbf90)
0x000000fa48bfbf90:   00000229e6265850 00000229e40c3550
0x000000fa48bfbfa0:   0000000000000000 0000000000000000
0x000000fa48bfbfb0:   000000fa48bfd301 00007ff844cbe75f
0x000000fa48bfbfc0:   00000229e6265450 00007ff844cbe6fc
0x000000fa48bfbfd0:   000000fa48bfc170 000000fa48bfc020
0x000000fa48bfbfe0:   000000fa48bfc170 00000229ef10f810
0x000000fa48bfbff0:   00000229e6266500 00007ff844d33501
0x000000fa48bfc000:   000000fa48bfc090 00000229e40c3550
0x000000fa48bfc010:   000000fa48bfe700 00000000000003d8
0x000000fa48bfc020:   00000229e6265450 00007ff845090421
0x000000fa48bfc030:   00000229e6264800 00000229e6265850
0x000000fa48bfc040:   000000fa48bfc130 00000229e40c3550
0x000000fa48bfc050:   000000fa000000b6 000000fa48bfc0b0
0x000000fa48bfc060:   000000fa48bfc070 00000229e6264800
0x000000fa48bfc070:   000000b6e6265800 00000229e6265450
0x000000fa48bfc080:   0000000800314298 00000229e6264800 

Instructions: (pc=0x00007ff8450905e0)
0x00007ff8450904e0:   89 46 20 49 8b c6 48 89 7e 10 48 8b 8d 50 25 00
0x00007ff8450904f0:   00 48 33 cc e8 b7 38 13 00 48 8b 9c 24 b8 26 00
0x00007ff845090500:   00 48 81 c4 60 26 00 00 41 5f 41 5e 41 5d 41 5c
0x00007ff845090510:   5f 5e 5d c3 48 8d 54 24 50 49 8b ce e8 8f 2f ca
0x00007ff845090520:   ff e9 6f ff ff ff cc cc cc cc cc cc cc cc cc cc
0x00007ff845090530:   48 89 5c 24 10 48 89 6c 24 18 48 89 74 24 20 57
0x00007ff845090540:   41 54 41 56 48 81 ec 80 00 00 00 48 8b d9 4d 8b
0x00007ff845090550:   f1 48 8d 4c 24 58 49 8b f8 4c 8b e2 e8 cf 8a b9
0x00007ff845090560:   ff 48 8b 7f 08 33 d2 8d 4a 20 e8 01 14 ff ff 33
0x00007ff845090570:   ed 48 85 c0 74 14 4c 8d 47 fb 49 8b d4 48 8b c8
0x00007ff845090580:   e8 1b 89 b9 ff 48 8b f0 eb 03 48 8b f5 4c 89 bc
0x00007ff845090590:   24 a0 00 00 00 40 38 6e 10 0f 85 2e 01 00 00 48
0x00007ff8450905a0:   8b ce e8 09 91 b9 ff 4c 8b bc 24 d0 00 00 00 84
0x00007ff8450905b0:   c0 0f 84 98 00 00 00 48 8b ce e8 c1 8a b9 ff 48
0x00007ff8450905c0:   8b f8 48 85 c0 0f 84 84 00 00 00 48 8b 08 40 38
0x00007ff8450905d0:   68 18 74 0c 48 8b 49 08 48 8b 51 08 48 8b 4a 18
0x00007ff8450905e0:   48 8b 89 98 00 00 00 e8 c4 56 b6 ff 84 c0 74 51
0x00007ff8450905f0:   48 8b 47 08 48 8b 88 98 00 00 00 e8 b0 56 b6 ff
0x00007ff845090600:   84 c0 74 3d 48 8b c5 48 85 db 74 03 48 8b 03 0f
0x00007ff845090610:   b6 15 8b fa 3d 00 8b 0d 84 ed 35 00 4c 8b 05 75
0x00007ff845090620:   ed 35 00 84 d2 74 0b 8b 40 08 48 d3 e0 49 03 c0
0x00007ff845090630:   eb 04 48 8b 40 08 48 3b 47 08 75 13 e9 a0 00 00
0x00007ff845090640:   00 b2 01 48 8b ce e8 65 93 b9 ff 84 c0 74 75 48
0x00007ff845090650:   8b ce e8 49 91 b9 ff 84 c0 0f 85 4f 01 00 00 48
0x00007ff845090660:   8b ce e8 b9 8f b9 ff 84 c0 0f 85 3f 01 00 00 48
0x00007ff845090670:   8b 9c 24 d8 00 00 00 4d 8b cf 44 8b 84 24 c0 00
0x00007ff845090680:   00 00 48 8b ce 48 8b 94 24 c8 00 00 00 48 89 5c
0x00007ff845090690:   24 20 e8 99 94 b9 ff 48 39 6b 08 0f 85 e1 00 00
0x00007ff8450906a0:   00 41 38 2f 0f 85 d8 00 00 00 84 c0 0f 85 fc 00
0x00007ff8450906b0:   00 00 b2 01 48 8b ce e8 f4 92 b9 ff 84 c0 0f 85
0x00007ff8450906c0:   ea 00 00 00 41 c6 07 01 e9 b5 00 00 00 0f b6 15
0x00007ff8450906d0:   cd f9 3d 00 8b 0d c6 ec 35 00 4c 8b 05 b7 ec 35 


Stack slot to memory mapping:
stack at sp + 0 slots: 0x00000229e6265850 points into unknown readable memory: c8 ee aa 88 00 00 00 00
stack at sp + 1 slots: 0x00000229e40c3550 points into unknown readable memory: 02 00 00 00 29 02 00 00
stack at sp + 2 slots: 0x0 is NULL
stack at sp + 3 slots: 0x0 is NULL
stack at sp + 4 slots: 0x000000fa48bfd301 is pointing into the stack for thread: 0x00000229e6264800
stack at sp + 5 slots: 0x00007ff844cbe75f jvm.dll
stack at sp + 6 slots: 0x00000229e6265450 points into unknown readable memory: 00 00 00 00 00 00 00 00
stack at sp + 7 slots: 0x00007ff844cbe6fc jvm.dll


---------------  P R O C E S S  ---------------

Threads class SMR info:
_java_thread_list=0x00000229ff5894f0, length=12, elements={
0x00000229e6264800, 0x00000229feae8800, 0x00000229feae9800, 0x00000229feb06800,
0x00000229feb0a800, 0x00000229feb0c000, 0x00000229feb10800, 0x00000229feb11800,
0x00000229ff463000, 0x00000229feacb800, 0x00000229ff69c800, 0x00000229ff69d800
}

Java Threads: ( => current thread )
=>0x00000229e6264800 JavaThread "main" [_thread_in_vm, id=7600, stack(0x000000fa48b00000,0x000000fa48c00000)]
  0x00000229feae8800 JavaThread "Reference Handler" daemon [_thread_blocked, id=14840, stack(0x000000fa49200000,0x000000fa49300000)]
  0x00000229feae9800 JavaThread "Finalizer" daemon [_thread_blocked, id=12320, stack(0x000000fa49300000,0x000000fa49400000)]
  0x00000229feb06800 JavaThread "Signal Dispatcher" daemon [_thread_blocked, id=13536, stack(0x000000fa49400000,0x000000fa49500000)]
  0x00000229feb0a800 JavaThread "Attach Listener" daemon [_thread_blocked, id=5416, stack(0x000000fa49500000,0x000000fa49600000)]
  0x00000229feb0c000 JavaThread "Service Thread" daemon [_thread_blocked, id=1796, stack(0x000000fa49600000,0x000000fa49700000)]
  0x00000229feb10800 JavaThread "C2 CompilerThread0" daemon [_thread_blocked, id=6636, stack(0x000000fa49700000,0x000000fa49800000)]
  0x00000229feb11800 JavaThread "C1 CompilerThread0" daemon [_thread_blocked, id=12500, stack(0x000000fa49800000,0x000000fa49900000)]
  0x00000229ff463000 JavaThread "Sweeper thread" daemon [_thread_blocked, id=5288, stack(0x000000fa49900000,0x000000fa49a00000)]
  0x00000229feacb800 JavaThread "Common-Cleaner" daemon [_thread_blocked, id=18248, stack(0x000000fa49a00000,0x000000fa49b00000)]
  0x00000229ff69c800 JavaThread "Monitor Ctrl-Break" daemon [_thread_in_native, id=392, stack(0x000000fa49b00000,0x000000fa49c00000)]
  0x00000229ff69d800 JavaThread "Notification Thread" daemon [_thread_blocked, id=18488, stack(0x000000fa49c00000,0x000000fa49d00000)]

Other Threads:
  0x00000229feae3800 VMThread "VM Thread" [stack: 0x000000fa49100000,0x000000fa49200000] [id=19976]
  0x00000229ff69e800 WatcherThread [stack: 0x000000fa49d00000,0x000000fa49e00000] [id=10756]
  0x00000229e62a8000 GCTaskThread "GC Thread#0" [stack: 0x000000fa48c00000,0x000000fa48d00000] [id=19348]
  0x000002298cac7800 GCTaskThread "GC Thread#1" [stack: 0x000000fa4a500000,0x000000fa4a600000] [id=12936]
  0x000002298c9c8000 GCTaskThread "GC Thread#2" [stack: 0x000000fa4a600000,0x000000fa4a700000] [id=10556]
  0x00000229e62ba000 ConcurrentGCThread "G1 Main Marker" [stack: 0x000000fa48d00000,0x000000fa48e00000] [id=16676]
  0x00000229e62bc000 ConcurrentGCThread "G1 Conc#0" [stack: 0x000000fa48e00000,0x000000fa48f00000] [id=3784]
  0x00000229e6337000 ConcurrentGCThread "G1 Refine#0" [stack: 0x000000fa48f00000,0x000000fa49000000] [id=7792]
  0x00000229fe960800 ConcurrentGCThread "G1 Young RemSet Sampling" [stack: 0x000000fa49000000,0x000000fa49100000] [id=4748]

Threads with active compile tasks:

VM state:not at safepoint (normal execution)

VM Mutex/Monitor currently owned by a thread:  ([mutex/lock_event])
[0x00000229e6260a60] CompiledIC_lock - owner thread: 0x00000229e6264800

Heap address: 0x0000000081800000, size: 2024 MB, Compressed Oops mode: 32-bit
Narrow klass base: 0x0000000800000000, Narrow klass shift: 3
Compressed class space size: 1073741824 Address: 0x0000000800b30000

Heap:
 garbage-first heap   total 131072K, used 7152K [0x0000000081800000, 0x0000000100000000)
  region size 1024K, 9 young (9216K), 2 survivors (2048K)
 Metaspace       used 7447K, capacity 9920K, committed 10240K, reserved 1058816K
  class space    used 390K, capacity 653K, committed 768K, reserved 1048576K
Heap Regions: E=young(eden), S=young(survivor), O=old, HS=humongous(starts), HC=humongous(continues), CS=collection set, F=free, OA=open archive, CA=closed archive, TAMS=top-at-mark-start (previous, next)
|   0|0x0000000081800000, 0x0000000081800000, 0x0000000081900000|  0%| F|  |TAMS 0x0000000081800000, 0x0000000081800000| Untracked 
|   1|0x0000000081900000, 0x0000000081900000, 0x0000000081a00000|  0%| F|  |TAMS 0x0000000081900000, 0x0000000081900000| Untracked 
|   2|0x0000000081a00000, 0x0000000081a00000, 0x0000000081b00000|  0%| F|  |TAMS 0x0000000081a00000, 0x0000000081a00000| Untracked 
|   3|0x0000000081b00000, 0x0000000081b00000, 0x0000000081c00000|  0%| F|  |TAMS 0x0000000081b00000, 0x0000000081b00000| Untracked 
|   4|0x0000000081c00000, 0x0000000081c00000, 0x0000000081d00000|  0%| F|  |TAMS 0x0000000081c00000, 0x0000000081c00000| Untracked 
|   5|0x0000000081d00000, 0x0000000081d00000, 0x0000000081e00000|  0%| F|  |TAMS 0x0000000081d00000, 0x0000000081d00000| Untracked 
|   6|0x0000000081e00000, 0x0000000081e00000, 0x0000000081f00000|  0%| F|  |TAMS 0x0000000081e00000, 0x0000000081e00000| Untracked 
|   7|0x0000000081f00000, 0x0000000081f00000, 0x0000000082000000|  0%| F|  |TAMS 0x0000000081f00000, 0x0000000081f00000| Untracked 
|   8|0x0000000082000000, 0x0000000082000000, 0x0000000082100000|  0%| F|  |TAMS 0x0000000082000000, 0x0000000082000000| Untracked 
|   9|0x0000000082100000, 0x0000000082100000, 0x0000000082200000|  0%| F|  |TAMS 0x0000000082100000, 0x0000000082100000| Untracked 
|  10|0x0000000082200000, 0x0000000082200000, 0x0000000082300000|  0%| F|  |TAMS 0x0000000082200000, 0x0000000082200000| Untracked 
|  11|0x0000000082300000, 0x0000000082300000, 0x0000000082400000|  0%| F|  |TAMS 0x0000000082300000, 0x0000000082300000| Untracked 
|  12|0x0000000082400000, 0x0000000082400000, 0x0000000082500000|  0%| F|  |TAMS 0x0000000082400000, 0x0000000082400000| Untracked 
|  13|0x0000000082500000, 0x0000000082500000, 0x0000000082600000|  0%| F|  |TAMS 0x0000000082500000, 0x0000000082500000| Untracked 
|  14|0x0000000082600000, 0x0000000082600000, 0x0000000082700000|  0%| F|  |TAMS 0x0000000082600000, 0x0000000082600000| Untracked 
|  15|0x0000000082700000, 0x0000000082700000, 0x0000000082800000|  0%| F|  |TAMS 0x0000000082700000, 0x0000000082700000| Untracked 
|  16|0x0000000082800000, 0x0000000082800000, 0x0000000082900000|  0%| F|  |TAMS 0x0000000082800000, 0x0000000082800000| Untracked 
|  17|0x0000000082900000, 0x0000000082900000, 0x0000000082a00000|  0%| F|  |TAMS 0x0000000082900000, 0x0000000082900000| Untracked 
|  18|0x0000000082a00000, 0x0000000082a00000, 0x0000000082b00000|  0%| F|  |TAMS 0x0000000082a00000, 0x0000000082a00000| Untracked 
|  19|0x0000000082b00000, 0x0000000082b00000, 0x0000000082c00000|  0%| F|  |TAMS 0x0000000082b00000, 0x0000000082b00000| Untracked 
|  20|0x0000000082c00000, 0x0000000082c00000, 0x0000000082d00000|  0%| F|  |TAMS 0x0000000082c00000, 0x0000000082c00000| Untracked 
|  21|0x0000000082d00000, 0x0000000082d00000, 0x0000000082e00000|  0%| F|  |TAMS 0x0000000082d00000, 0x0000000082d00000| Untracked 
|  22|0x0000000082e00000, 0x0000000082e00000, 0x0000000082f00000|  0%| F|  |TAMS 0x0000000082e00000, 0x0000000082e00000| Untracked 
|  23|0x0000000082f00000, 0x0000000082f00000, 0x0000000083000000|  0%| F|  |TAMS 0x0000000082f00000, 0x0000000082f00000| Untracked 
|  24|0x0000000083000000, 0x0000000083000000, 0x0000000083100000|  0%| F|  |TAMS 0x0000000083000000, 0x0000000083000000| Untracked 
|  25|0x0000000083100000, 0x0000000083100000, 0x0000000083200000|  0%| F|  |TAMS 0x0000000083100000, 0x0000000083100000| Untracked 
|  26|0x0000000083200000, 0x0000000083200000, 0x0000000083300000|  0%| F|  |TAMS 0x0000000083200000, 0x0000000083200000| Untracked 
|  27|0x0000000083300000, 0x0000000083300000, 0x0000000083400000|  0%| F|  |TAMS 0x0000000083300000, 0x0000000083300000| Untracked 
|  28|0x0000000083400000, 0x0000000083400000, 0x0000000083500000|  0%| F|  |TAMS 0x0000000083400000, 0x0000000083400000| Untracked 
|  29|0x0000000083500000, 0x0000000083500000, 0x0000000083600000|  0%| F|  |TAMS 0x0000000083500000, 0x0000000083500000| Untracked 
|  30|0x0000000083600000, 0x0000000083600000, 0x0000000083700000|  0%| F|  |TAMS 0x0000000083600000, 0x0000000083600000| Untracked 
|  31|0x0000000083700000, 0x0000000083700000, 0x0000000083800000|  0%| F|  |TAMS 0x0000000083700000, 0x0000000083700000| Untracked 
|  32|0x0000000083800000, 0x0000000083800000, 0x0000000083900000|  0%| F|  |TAMS 0x0000000083800000, 0x0000000083800000| Untracked 
|  33|0x0000000083900000, 0x0000000083900000, 0x0000000083a00000|  0%| F|  |TAMS 0x0000000083900000, 0x0000000083900000| Untracked 
|  34|0x0000000083a00000, 0x0000000083a00000, 0x0000000083b00000|  0%| F|  |TAMS 0x0000000083a00000, 0x0000000083a00000| Untracked 
|  35|0x0000000083b00000, 0x0000000083b00000, 0x0000000083c00000|  0%| F|  |TAMS 0x0000000083b00000, 0x0000000083b00000| Untracked 
|  36|0x0000000083c00000, 0x0000000083c00000, 0x0000000083d00000|  0%| F|  |TAMS 0x0000000083c00000, 0x0000000083c00000| Untracked 
|  37|0x0000000083d00000, 0x0000000083d00000, 0x0000000083e00000|  0%| F|  |TAMS 0x0000000083d00000, 0x0000000083d00000| Untracked 
|  38|0x0000000083e00000, 0x0000000083e00000, 0x0000000083f00000|  0%| F|  |TAMS 0x0000000083e00000, 0x0000000083e00000| Untracked 
|  39|0x0000000083f00000, 0x0000000083f00000, 0x0000000084000000|  0%| F|  |TAMS 0x0000000083f00000, 0x0000000083f00000| Untracked 
|  40|0x0000000084000000, 0x0000000084000000, 0x0000000084100000|  0%| F|  |TAMS 0x0000000084000000, 0x0000000084000000| Untracked 
|  41|0x0000000084100000, 0x0000000084100000, 0x0000000084200000|  0%| F|  |TAMS 0x0000000084100000, 0x0000000084100000| Untracked 
|  42|0x0000000084200000, 0x0000000084200000, 0x0000000084300000|  0%| F|  |TAMS 0x0000000084200000, 0x0000000084200000| Untracked 
|  43|0x0000000084300000, 0x0000000084300000, 0x0000000084400000|  0%| F|  |TAMS 0x0000000084300000, 0x0000000084300000| Untracked 
|  44|0x0000000084400000, 0x0000000084400000, 0x0000000084500000|  0%| F|  |TAMS 0x0000000084400000, 0x0000000084400000| Untracked 
|  45|0x0000000084500000, 0x0000000084500000, 0x0000000084600000|  0%| F|  |TAMS 0x0000000084500000, 0x0000000084500000| Untracked 
|  46|0x0000000084600000, 0x0000000084600000, 0x0000000084700000|  0%| F|  |TAMS 0x0000000084600000, 0x0000000084600000| Untracked 
|  47|0x0000000084700000, 0x0000000084700000, 0x0000000084800000|  0%| F|  |TAMS 0x0000000084700000, 0x0000000084700000| Untracked 
|  48|0x0000000084800000, 0x0000000084800000, 0x0000000084900000|  0%| F|  |TAMS 0x0000000084800000, 0x0000000084800000| Untracked 
|  49|0x0000000084900000, 0x0000000084900000, 0x0000000084a00000|  0%| F|  |TAMS 0x0000000084900000, 0x0000000084900000| Untracked 
|  50|0x0000000084a00000, 0x0000000084a00000, 0x0000000084b00000|  0%| F|  |TAMS 0x0000000084a00000, 0x0000000084a00000| Untracked 
|  51|0x0000000084b00000, 0x0000000084b00000, 0x0000000084c00000|  0%| F|  |TAMS 0x0000000084b00000, 0x0000000084b00000| Untracked 
|  52|0x0000000084c00000, 0x0000000084c00000, 0x0000000084d00000|  0%| F|  |TAMS 0x0000000084c00000, 0x0000000084c00000| Untracked 
|  53|0x0000000084d00000, 0x0000000084d00000, 0x0000000084e00000|  0%| F|  |TAMS 0x0000000084d00000, 0x0000000084d00000| Untracked 
|  54|0x0000000084e00000, 0x0000000084e00000, 0x0000000084f00000|  0%| F|  |TAMS 0x0000000084e00000, 0x0000000084e00000| Untracked 
|  55|0x0000000084f00000, 0x0000000084f00000, 0x0000000085000000|  0%| F|  |TAMS 0x0000000084f00000, 0x0000000084f00000| Untracked 
|  56|0x0000000085000000, 0x0000000085000000, 0x0000000085100000|  0%| F|  |TAMS 0x0000000085000000, 0x0000000085000000| Untracked 
|  57|0x0000000085100000, 0x0000000085100000, 0x0000000085200000|  0%| F|  |TAMS 0x0000000085100000, 0x0000000085100000| Untracked 
|  58|0x0000000085200000, 0x0000000085200000, 0x0000000085300000|  0%| F|  |TAMS 0x0000000085200000, 0x0000000085200000| Untracked 
|  59|0x0000000085300000, 0x0000000085300000, 0x0000000085400000|  0%| F|  |TAMS 0x0000000085300000, 0x0000000085300000| Untracked 
|  60|0x0000000085400000, 0x0000000085400000, 0x0000000085500000|  0%| F|  |TAMS 0x0000000085400000, 0x0000000085400000| Untracked 
|  61|0x0000000085500000, 0x0000000085500000, 0x0000000085600000|  0%| F|  |TAMS 0x0000000085500000, 0x0000000085500000| Untracked 
|  62|0x0000000085600000, 0x0000000085600000, 0x0000000085700000|  0%| F|  |TAMS 0x0000000085600000, 0x0000000085600000| Untracked 
|  63|0x0000000085700000, 0x0000000085700000, 0x0000000085800000|  0%| F|  |TAMS 0x0000000085700000, 0x0000000085700000| Untracked 
|  64|0x0000000085800000, 0x0000000085800000, 0x0000000085900000|  0%| F|  |TAMS 0x0000000085800000, 0x0000000085800000| Untracked 
|  65|0x0000000085900000, 0x0000000085900000, 0x0000000085a00000|  0%| F|  |TAMS 0x0000000085900000, 0x0000000085900000| Untracked 
|  66|0x0000000085a00000, 0x0000000085a00000, 0x0000000085b00000|  0%| F|  |TAMS 0x0000000085a00000, 0x0000000085a00000| Untracked 
|  67|0x0000000085b00000, 0x0000000085b00000, 0x0000000085c00000|  0%| F|  |TAMS 0x0000000085b00000, 0x0000000085b00000| Untracked 
|  68|0x0000000085c00000, 0x0000000085c00000, 0x0000000085d00000|  0%| F|  |TAMS 0x0000000085c00000, 0x0000000085c00000| Untracked 
|  69|0x0000000085d00000, 0x0000000085d00000, 0x0000000085e00000|  0%| F|  |TAMS 0x0000000085d00000, 0x0000000085d00000| Untracked 
|  70|0x0000000085e00000, 0x0000000085e00000, 0x0000000085f00000|  0%| F|  |TAMS 0x0000000085e00000, 0x0000000085e00000| Untracked 
|  71|0x0000000085f00000, 0x0000000085f00000, 0x0000000086000000|  0%| F|  |TAMS 0x0000000085f00000, 0x0000000085f00000| Untracked 
|  72|0x0000000086000000, 0x0000000086000000, 0x0000000086100000|  0%| F|  |TAMS 0x0000000086000000, 0x0000000086000000| Untracked 
|  73|0x0000000086100000, 0x0000000086100000, 0x0000000086200000|  0%| F|  |TAMS 0x0000000086100000, 0x0000000086100000| Untracked 
|  74|0x0000000086200000, 0x0000000086200000, 0x0000000086300000|  0%| F|  |TAMS 0x0000000086200000, 0x0000000086200000| Untracked 
|  75|0x0000000086300000, 0x0000000086300000, 0x0000000086400000|  0%| F|  |TAMS 0x0000000086300000, 0x0000000086300000| Untracked 
|  76|0x0000000086400000, 0x0000000086400000, 0x0000000086500000|  0%| F|  |TAMS 0x0000000086400000, 0x0000000086400000| Untracked 
|  77|0x0000000086500000, 0x0000000086500000, 0x0000000086600000|  0%| F|  |TAMS 0x0000000086500000, 0x0000000086500000| Untracked 
|  78|0x0000000086600000, 0x0000000086600000, 0x0000000086700000|  0%| F|  |TAMS 0x0000000086600000, 0x0000000086600000| Untracked 
|  79|0x0000000086700000, 0x0000000086700000, 0x0000000086800000|  0%| F|  |TAMS 0x0000000086700000, 0x0000000086700000| Untracked 
|  80|0x0000000086800000, 0x0000000086800000, 0x0000000086900000|  0%| F|  |TAMS 0x0000000086800000, 0x0000000086800000| Untracked 
|  81|0x0000000086900000, 0x0000000086900000, 0x0000000086a00000|  0%| F|  |TAMS 0x0000000086900000, 0x0000000086900000| Untracked 
|  82|0x0000000086a00000, 0x0000000086a00000, 0x0000000086b00000|  0%| F|  |TAMS 0x0000000086a00000, 0x0000000086a00000| Untracked 
|  83|0x0000000086b00000, 0x0000000086b00000, 0x0000000086c00000|  0%| F|  |TAMS 0x0000000086b00000, 0x0000000086b00000| Untracked 
|  84|0x0000000086c00000, 0x0000000086c00000, 0x0000000086d00000|  0%| F|  |TAMS 0x0000000086c00000, 0x0000000086c00000| Untracked 
|  85|0x0000000086d00000, 0x0000000086d00000, 0x0000000086e00000|  0%| F|  |TAMS 0x0000000086d00000, 0x0000000086d00000| Untracked 
|  86|0x0000000086e00000, 0x0000000086e00000, 0x0000000086f00000|  0%| F|  |TAMS 0x0000000086e00000, 0x0000000086e00000| Untracked 
|  87|0x0000000086f00000, 0x0000000086f00000, 0x0000000087000000|  0%| F|  |TAMS 0x0000000086f00000, 0x0000000086f00000| Untracked 
|  88|0x0000000087000000, 0x0000000087000000, 0x0000000087100000|  0%| F|  |TAMS 0x0000000087000000, 0x0000000087000000| Untracked 
|  89|0x0000000087100000, 0x0000000087100000, 0x0000000087200000|  0%| F|  |TAMS 0x0000000087100000, 0x0000000087100000| Untracked 
|  90|0x0000000087200000, 0x0000000087200000, 0x0000000087300000|  0%| F|  |TAMS 0x0000000087200000, 0x0000000087200000| Untracked 
|  91|0x0000000087300000, 0x0000000087300000, 0x0000000087400000|  0%| F|  |TAMS 0x0000000087300000, 0x0000000087300000| Untracked 
|  92|0x0000000087400000, 0x0000000087400000, 0x0000000087500000|  0%| F|  |TAMS 0x0000000087400000, 0x0000000087400000| Untracked 
|  93|0x0000000087500000, 0x0000000087500000, 0x0000000087600000|  0%| F|  |TAMS 0x0000000087500000, 0x0000000087500000| Untracked 
|  94|0x0000000087600000, 0x0000000087600000, 0x0000000087700000|  0%| F|  |TAMS 0x0000000087600000, 0x0000000087600000| Untracked 
|  95|0x0000000087700000, 0x0000000087700000, 0x0000000087800000|  0%| F|  |TAMS 0x0000000087700000, 0x0000000087700000| Untracked 
|  96|0x0000000087800000, 0x0000000087800000, 0x0000000087900000|  0%| F|  |TAMS 0x0000000087800000, 0x0000000087800000| Untracked 
|  97|0x0000000087900000, 0x0000000087900000, 0x0000000087a00000|  0%| F|  |TAMS 0x0000000087900000, 0x0000000087900000| Untracked 
|  98|0x0000000087a00000, 0x0000000087a00000, 0x0000000087b00000|  0%| F|  |TAMS 0x0000000087a00000, 0x0000000087a00000| Untracked 
|  99|0x0000000087b00000, 0x0000000087b00000, 0x0000000087c00000|  0%| F|  |TAMS 0x0000000087b00000, 0x0000000087b00000| Untracked 
| 100|0x0000000087c00000, 0x0000000087c00000, 0x0000000087d00000|  0%| F|  |TAMS 0x0000000087c00000, 0x0000000087c00000| Untracked 
| 101|0x0000000087d00000, 0x0000000087d00000, 0x0000000087e00000|  0%| F|  |TAMS 0x0000000087d00000, 0x0000000087d00000| Untracked 
| 102|0x0000000087e00000, 0x0000000087e00000, 0x0000000087f00000|  0%| F|  |TAMS 0x0000000087e00000, 0x0000000087e00000| Untracked 
| 103|0x0000000087f00000, 0x0000000087f00000, 0x0000000088000000|  0%| F|  |TAMS 0x0000000087f00000, 0x0000000087f00000| Untracked 
| 104|0x0000000088000000, 0x0000000088000000, 0x0000000088100000|  0%| F|  |TAMS 0x0000000088000000, 0x0000000088000000| Untracked 
| 105|0x0000000088100000, 0x0000000088100000, 0x0000000088200000|  0%| F|  |TAMS 0x0000000088100000, 0x0000000088100000| Untracked 
| 106|0x0000000088200000, 0x0000000088200000, 0x0000000088300000|  0%| F|  |TAMS 0x0000000088200000, 0x0000000088200000| Untracked 
| 107|0x0000000088300000, 0x0000000088300000, 0x0000000088400000|  0%| F|  |TAMS 0x0000000088300000, 0x0000000088300000| Untracked 
| 108|0x0000000088400000, 0x0000000088400000, 0x0000000088500000|  0%| F|  |TAMS 0x0000000088400000, 0x0000000088400000| Untracked 
| 109|0x0000000088500000, 0x0000000088500000, 0x0000000088600000|  0%| F|  |TAMS 0x0000000088500000, 0x0000000088500000| Untracked 
| 110|0x0000000088600000, 0x0000000088600000, 0x0000000088700000|  0%| F|  |TAMS 0x0000000088600000, 0x0000000088600000| Untracked 
| 111|0x0000000088700000, 0x0000000088700000, 0x0000000088800000|  0%| F|  |TAMS 0x0000000088700000, 0x0000000088700000| Untracked 
| 112|0x0000000088800000, 0x0000000088800000, 0x0000000088900000|  0%| F|  |TAMS 0x0000000088800000, 0x0000000088800000| Untracked 
| 113|0x0000000088900000, 0x00000000889fc328, 0x0000000088a00000| 98%| S|CS|TAMS 0x0000000088900000, 0x0000000088900000| Complete 
| 114|0x0000000088a00000, 0x0000000088b00000, 0x0000000088b00000|100%| S|CS|TAMS 0x0000000088a00000, 0x0000000088a00000| Complete 
| 115|0x0000000088b00000, 0x0000000088b00000, 0x0000000088c00000|  0%| F|  |TAMS 0x0000000088b00000, 0x0000000088b00000| Untracked 
| 116|0x0000000088c00000, 0x0000000088c00000, 0x0000000088d00000|  0%| F|  |TAMS 0x0000000088c00000, 0x0000000088c00000| Untracked 
| 117|0x0000000088d00000, 0x0000000088d00000, 0x0000000088e00000|  0%| F|  |TAMS 0x0000000088d00000, 0x0000000088d00000| Untracked 
| 118|0x0000000088e00000, 0x0000000088e00000, 0x0000000088f00000|  0%| F|  |TAMS 0x0000000088e00000, 0x0000000088e00000| Untracked 
| 119|0x0000000088f00000, 0x0000000088f00000, 0x0000000089000000|  0%| F|  |TAMS 0x0000000088f00000, 0x0000000088f00000| Untracked 
| 120|0x0000000089000000, 0x0000000089000000, 0x0000000089100000|  0%| F|  |TAMS 0x0000000089000000, 0x0000000089000000| Untracked 
| 121|0x0000000089100000, 0x00000000891a3878, 0x0000000089200000| 63%| E|  |TAMS 0x0000000089100000, 0x0000000089100000| Complete 
| 122|0x0000000089200000, 0x0000000089300000, 0x0000000089300000|100%| E|CS|TAMS 0x0000000089200000, 0x0000000089200000| Complete 
| 123|0x0000000089300000, 0x0000000089400000, 0x0000000089400000|100%| E|  |TAMS 0x0000000089300000, 0x0000000089300000| Complete 
| 124|0x0000000089400000, 0x0000000089500000, 0x0000000089500000|100%| E|CS|TAMS 0x0000000089400000, 0x0000000089400000| Complete 
| 125|0x0000000089500000, 0x0000000089600000, 0x0000000089600000|100%| E|CS|TAMS 0x0000000089500000, 0x0000000089500000| Complete 
| 126|0x0000000089600000, 0x0000000089700000, 0x0000000089700000|100%| E|CS|TAMS 0x0000000089600000, 0x0000000089600000| Complete 
| 127|0x0000000089700000, 0x0000000089800000, 0x0000000089800000|100%| E|CS|TAMS 0x0000000089700000, 0x0000000089700000| Complete 

Card table byte_map: [0x00000229fde10000,0x00000229fe210000] _byte_map_base: 0x00000229fda04000

Marking Bits (Prev, Next): (CMBitMap*) 0x00000229e62a8c98, (CMBitMap*) 0x00000229e62a8cd8
 Prev Bits: [0x0000022980000000, 0x0000022981fa0000)
 Next Bits: [0x0000022981fa0000, 0x0000022983f40000)

Polling page: 0x00000229e4200000

Metaspace:

Usage:
  Non-class:      9.05 MB capacity,     6.89 MB ( 76%) used,     2.15 MB ( 24%) free+waste,    11.81 KB ( <1%) overhead. 
      Class:    653.00 KB capacity,   390.38 KB ( 60%) used,   257.75 KB ( 39%) free+waste,     4.88 KB ( <1%) overhead. 
       Both:      9.69 MB capacity,     7.27 MB ( 75%) used,     2.40 MB ( 25%) free+waste,    16.69 KB ( <1%) overhead. 

Virtual space:
  Non-class space:       10.00 MB reserved,       9.25 MB ( 93%) committed 
      Class space:        1.00 GB reserved,     768.00 KB ( <1%) committed 
             Both:        1.01 GB reserved,      10.00 MB ( <1%) committed 

Chunk freelists:
   Non-Class:  77.00 KB
       Class:  19.00 KB
        Both:  96.00 KB

MaxMetaspaceSize: 17179869184.00 GB
CompressedClassSpaceSize: 1.00 GB

CodeHeap 'non-profiled nmethods': size=120000Kb used=256Kb max_used=256Kb free=119743Kb
 bounds [0x00000229f64e0000, 0x00000229f6750000, 0x00000229fda10000]
CodeHeap 'profiled nmethods': size=120000Kb used=1410Kb max_used=1410Kb free=118589Kb
 bounds [0x00000229eefb0000, 0x00000229ef220000, 0x00000229f64e0000]
CodeHeap 'non-nmethods': size=5760Kb used=1643Kb max_used=1657Kb free=4116Kb
 bounds [0x00000229eea10000, 0x00000229eec80000, 0x00000229eefb0000]
 total_blobs=1892 nmethods=847 adapters=958
 compilation: enabled
              stopped_count=0, restarted_count=0
 full_count=0

Compilation events (20 events):
Event: 1.347 Thread 0x00000229feb11800  843       3       org.lwjgl.opengl.GL20C::glVertexAttribPointer (12 bytes)
Event: 1.347 Thread 0x00000229feb11800 nmethod 843 0x00000229ef10ba10 code [0x00000229ef10bba0, 0x00000229ef10bca8]
Event: 1.347 Thread 0x00000229feb11800  844       3       java.io.OutputStreamWriter::flushBuffer (8 bytes)
Event: 1.347 Thread 0x00000229feb11800 nmethod 844 0x00000229ef10bd90 code [0x00000229ef10bf40, 0x00000229ef10c088]
Event: 1.347 Thread 0x00000229feb11800  837       3       java.nio.DirectFloatBufferU::order (19 bytes)
Event: 1.348 Thread 0x00000229feb11800 nmethod 837 0x00000229ef10c190 code [0x00000229ef10c340, 0x00000229ef10c4d8]
Event: 1.348 Thread 0x00000229feb11800  838       3       java.nio.DirectFloatBufferU::ix (10 bytes)
Event: 1.348 Thread 0x00000229feb11800 nmethod 838 0x00000229ef10c590 code [0x00000229ef10c720, 0x00000229ef10c858]
Event: 1.348 Thread 0x00000229feb11800  839       3       java.nio.FloatBuffer::flip (7 bytes)
Event: 1.348 Thread 0x00000229feb11800 nmethod 839 0x00000229ef10c910 code [0x00000229ef10caa0, 0x00000229ef10cc38]
Event: 1.348 Thread 0x00000229feb11800  840       3       org.lwjgl.opengl.GL15::glBufferData (7 bytes)
Event: 1.348 Thread 0x00000229feb11800 nmethod 840 0x00000229ef10cd10 code [0x00000229ef10cee0, 0x00000229ef10d308]
Event: 1.348 Thread 0x00000229feb11800  841       3       org.lwjgl.opengl.GL15C::glBufferData (19 bytes)
Event: 1.349 Thread 0x00000229feb11800 nmethod 841 0x00000229ef10d510 code [0x00000229ef10d6e0, 0x00000229ef10daa8]
Event: 1.352 Thread 0x00000229feb10800  845       4       java.nio.Buffer::position (55 bytes)
Event: 1.354 Thread 0x00000229feb10800 nmethod 845 0x00000229f6520010 code [0x00000229f65201c0, 0x00000229f65202d8]
Event: 1.360 Thread 0x00000229feb11800  846   !   3       java.nio.charset.CharsetEncoder::encode (285 bytes)
Event: 1.364 Thread 0x00000229feb11800 nmethod 846 0x00000229ef10dc90 code [0x00000229ef10df80, 0x00000229ef10f218]
Event: 1.364 Thread 0x00000229feb11800  847       3       sun.nio.cs.StreamEncoder::writeBytes (132 bytes)
Event: 1.365 Thread 0x00000229feb11800 nmethod 847 0x00000229ef10f810 code [0x00000229ef10fa80, 0x00000229ef1104f8]

GC Heap History (2 events):
Event: 0.919 GC heap before
{Heap before GC invocations=0 (full 0):
 garbage-first heap   total 131072K, used 13312K [0x0000000081800000, 0x0000000100000000)
  region size 1024K, 13 young (13312K), 0 survivors (0K)
 Metaspace       used 4972K, capacity 7749K, committed 8064K, reserved 1056768K
  class space    used 291K, capacity 546K, committed 640K, reserved 1048576K
}
Event: 0.928 GC heap after
{Heap after GC invocations=1 (full 0):
 garbage-first heap   total 131072K, used 2032K [0x0000000081800000, 0x0000000100000000)
  region size 1024K, 2 young (2048K), 2 survivors (2048K)
 Metaspace       used 4972K, capacity 7749K, committed 8064K, reserved 1056768K
  class space    used 291K, capacity 546K, committed 640K, reserved 1048576K
}

Deoptimization events (20 events):
Event: 0.285 Thread 0x00000229e6264800 DEOPT PACKING pc=0x00000229ef000eb2 sp=0x000000fa48bf9340
Event: 0.285 Thread 0x00000229e6264800 DEOPT UNPACKING pc=0x00000229eea5964e sp=0x000000fa48bf87a8 mode 0
Event: 0.291 Thread 0x00000229e6264800 DEOPT PACKING pc=0x00000229eefff368 sp=0x000000fa48bfd370
Event: 0.291 Thread 0x00000229e6264800 DEOPT UNPACKING pc=0x00000229eea5964e sp=0x000000fa48bfc7c8 mode 0
Event: 0.304 Thread 0x00000229e6264800 DEOPT PACKING pc=0x00000229eefe7050 sp=0x000000fa48bfc4e0
Event: 0.304 Thread 0x00000229e6264800 DEOPT UNPACKING pc=0x00000229eea5964e sp=0x000000fa48bfb968 mode 0
Event: 0.322 Thread 0x00000229e6264800 Uncommon trap: trap_request=0xffffff45 fr.pc=0x00000229f64ffe10 relative=0x0000000000000070
Event: 0.322 Thread 0x00000229e6264800 Uncommon trap: reason=unstable_if action=reinterpret pc=0x00000229f64ffe10 method=java.io.WinNTFileSystem.isSlash(C)Z @ 9 c2
Event: 0.322 Thread 0x00000229e6264800 DEOPT PACKING pc=0x00000229f64ffe10 sp=0x000000fa48bfc7b0
Event: 0.322 Thread 0x00000229e6264800 DEOPT UNPACKING pc=0x00000229eea5912f sp=0x000000fa48bfc738 mode 2
Event: 0.845 Thread 0x00000229e6264800 DEOPT PACKING pc=0x00000229ef00255f sp=0x000000fa48bfdfc0
Event: 0.845 Thread 0x00000229e6264800 DEOPT UNPACKING pc=0x00000229eea5964e sp=0x000000fa48bfd410 mode 0
Event: 0.930 Thread 0x00000229e6264800 Uncommon trap: trap_request=0xffffff54 fr.pc=0x00000229f650d390 relative=0x0000000000000070
Event: 0.930 Thread 0x00000229e6264800 Uncommon trap: reason=speculate_null_assert action=make_not_entrant pc=0x00000229f650d390 method=sun.misc.Unsafe.putLong(Ljava/lang/Object;JJ)V @ 7 c2
Event: 0.930 Thread 0x00000229e6264800 DEOPT PACKING pc=0x00000229f650d390 sp=0x000000fa48bff170
Event: 0.930 Thread 0x00000229e6264800 DEOPT UNPACKING pc=0x00000229eea5912f sp=0x000000fa48bff0e8 mode 2
Event: 0.998 Thread 0x00000229feb0a800 Uncommon trap: trap_request=0xffffff45 fr.pc=0x00000229f64e5a40 relative=0x0000000000000080
Event: 0.998 Thread 0x00000229feb0a800 Uncommon trap: reason=unstable_if action=reinterpret pc=0x00000229f64e5a40 method=java.lang.String.isLatin1()Z @ 10 c2
Event: 0.998 Thread 0x00000229feb0a800 DEOPT PACKING pc=0x00000229f64e5a40 sp=0x000000fa495fe180
Event: 0.998 Thread 0x00000229feb0a800 DEOPT UNPACKING pc=0x00000229eea5912f sp=0x000000fa495fe0c0 mode 2

Classes unloaded (0 events):
No events

Classes redefined (0 events):
No events

Internal exceptions (13 events):
Event: 0.301 Thread 0x00000229e6264800 Exception <a 'java/lang/NoSuchMethodError'{0x00000000894b9c60}: 'void java.lang.invoke.DelegatingMethodHandle$Holder.delegate(java.lang.Object, java.lang.Object, int, java.lang.Object)'> (0x00000000894b9c60) 
thrown [./open/src/hotspot/share/interpreter/linkResolver.cpp, line 766]
Event: 0.302 Thread 0x00000229e6264800 Exception <a 'java/lang/NoSuchMethodError'{0x00000000894c04c0}: 'java.lang.Object java.lang.invoke.DirectMethodHandle$Holder.invokeStaticInit(java.lang.Object, java.lang.Object, java.lang.Object)'> (0x00000000894c04c0) 
thrown [./open/src/hotspot/share/interpreter/linkResolver.cpp, line 766]
Event: 0.344 Thread 0x00000229e6264800 Exception <a 'sun/nio/fs/WindowsException'{0x0000000089368f20}> (0x0000000089368f20) 
thrown [./open/src/hotspot/share/prims/jni.cpp, line 599]
Event: 0.345 Thread 0x00000229e6264800 Exception <a 'sun/nio/fs/WindowsException'{0x0000000089369470}> (0x0000000089369470) 
thrown [./open/src/hotspot/share/prims/jni.cpp, line 599]
Event: 0.367 Thread 0x00000229e6264800 Exception <a 'sun/nio/fs/WindowsException'{0x00000000893ea090}> (0x00000000893ea090) 
thrown [./open/src/hotspot/share/prims/jni.cpp, line 599]
Event: 0.367 Thread 0x00000229e6264800 Exception <a 'sun/nio/fs/WindowsException'{0x00000000893ea3f0}> (0x00000000893ea3f0) 
thrown [./open/src/hotspot/share/prims/jni.cpp, line 599]
Event: 0.634 Thread 0x00000229e6264800 Exception <a 'sun/nio/fs/WindowsException'{0x000000008911e200}> (0x000000008911e200) 
thrown [./open/src/hotspot/share/prims/jni.cpp, line 599]
Event: 0.635 Thread 0x00000229e6264800 Exception <a 'sun/nio/fs/WindowsException'{0x000000008911e5a0}> (0x000000008911e5a0) 
thrown [./open/src/hotspot/share/prims/jni.cpp, line 599]
Event: 0.641 Thread 0x00000229e6264800 Exception <a 'sun/nio/fs/WindowsException'{0x0000000089138fa0}> (0x0000000089138fa0) 
thrown [./open/src/hotspot/share/prims/jni.cpp, line 599]
Event: 0.641 Thread 0x00000229e6264800 Exception <a 'sun/nio/fs/WindowsException'{0x0000000089139270}> (0x0000000089139270) 
thrown [./open/src/hotspot/share/prims/jni.cpp, line 599]
Event: 0.948 Thread 0x00000229e6264800 Exception <a 'java/lang/NoSuchMethodError'{0x00000000897bb978}: 'void java.lang.invoke.DirectMethodHandle$Holder.invokeStatic(java.lang.Object, long, int, int)'> (0x00000000897bb978) 
thrown [./open/src/hotspot/share/interpreter/linkResolver.cpp, line 766]
Event: 1.052 Thread 0x00000229e6264800 Exception <a 'sun/nio/fs/WindowsException'{0x0000000089440e98}> (0x0000000089440e98) 
thrown [./open/src/hotspot/share/prims/jni.cpp, line 599]
Event: 1.052 Thread 0x00000229e6264800 Exception <a 'sun/nio/fs/WindowsException'{0x0000000089441218}> (0x0000000089441218) 
thrown [./open/src/hotspot/share/prims/jni.cpp, line 599]

Events (20 events):
Event: 1.011 Executing VM operation: HandshakeOneThread
Event: 1.011 Executing VM operation: HandshakeOneThread done
Event: 1.012 loading class sun/util/resources/cldr/TimeZoneNames
Event: 1.012 loading class sun/util/resources/TimeZoneNamesBundle
Event: 1.012 loading class sun/util/resources/OpenListResourceBundle
Event: 1.012 loading class sun/util/resources/OpenListResourceBundle done
Event: 1.012 loading class sun/util/resources/TimeZoneNamesBundle done
Event: 1.012 loading class sun/util/resources/cldr/TimeZoneNames done
Event: 1.012 loading class sun/util/resources/cldr/TimeZoneNames_en
Event: 1.013 loading class sun/util/resources/cldr/TimeZoneNames_en done
Event: 1.014 loading class sun/util/resources/cldr/TimeZoneNames_en_US
Event: 1.014 loading class sun/util/resources/cldr/TimeZoneNames_en_US done
Event: 1.016 loading class java/util/LinkedHashMap$LinkedKeySet
Event: 1.016 loading class java/util/LinkedHashMap$LinkedKeySet done
Event: 1.054 Loaded shared library C:\Users\NTBK\AppData\Local\Temp\lwjglNTBK\3.2.3-build-13\lwjgl_stb.dll
Event: 1.082 loading class java/lang/SecurityException
Event: 1.082 loading class java/lang/SecurityException done
Event: 1.084 loading class jdk/internal/access/foreign/MemorySegmentProxy
Event: 1.084 loading class jdk/internal/access/foreign/MemorySegmentProxy done
Event: 1.338 Loaded shared library C:\Users\NTBK\AppData\Local\Temp\lwjglNTBK\3.2.3-build-13\lwjgl_opengl.dll


Dynamic libraries:
0x00007ff734150000 - 0x00007ff73415d000 	C:\Users\NTBK\.jdks\openjdk-14.0.2\bin\java.exe
0x00007ff8b43d0000 - 0x00007ff8b45c5000 	C:\WINDOWS\SYSTEM32\ntdll.dll
0x00007ff880550000 - 0x00007ff880563000 	C:\Program Files\AVG\Antivirus\aswhook.dll
0x00007ff8b2600000 - 0x00007ff8b26bd000 	C:\WINDOWS\System32\KERNEL32.DLL
0x00007ff8b1dd0000 - 0x00007ff8b2098000 	C:\WINDOWS\System32\KERNELBASE.dll
0x00007ff8b20a0000 - 0x00007ff8b21a0000 	C:\WINDOWS\System32\ucrtbase.dll
0x00007ff8a8da0000 - 0x00007ff8a8db5000 	C:\Users\NTBK\.jdks\openjdk-14.0.2\bin\VCRUNTIME140.dll
0x00007ff8a2ef0000 - 0x00007ff8a2f08000 	C:\Users\NTBK\.jdks\openjdk-14.0.2\bin\jli.dll
0x00007ff8b4080000 - 0x00007ff8b4220000 	C:\WINDOWS\System32\USER32.dll
0x00007ff8b2380000 - 0x00007ff8b23a2000 	C:\WINDOWS\System32\win32u.dll
0x00007ff89d200000 - 0x00007ff89d49a000 	C:\WINDOWS\WinSxS\amd64_microsoft.windows.common-controls_6595b64144ccf1df_6.0.19041.844_none_ca00b6081b84eb1d\COMCTL32.dll
0x00007ff8b2db0000 - 0x00007ff8b2e4e000 	C:\WINDOWS\System32\msvcrt.dll
0x00007ff8b26c0000 - 0x00007ff8b26ea000 	C:\WINDOWS\System32\GDI32.dll
0x00007ff8b1cc0000 - 0x00007ff8b1dcb000 	C:\WINDOWS\System32\gdi32full.dll
0x00007ff8b22b0000 - 0x00007ff8b234d000 	C:\WINDOWS\System32\msvcp_win.dll
0x00007ff8b2fa0000 - 0x00007ff8b2fd0000 	C:\WINDOWS\System32\IMM32.DLL
0x00007ff87bf30000 - 0x00007ff87bfcb000 	C:\Users\NTBK\.jdks\openjdk-14.0.2\bin\msvcp140.dll
0x00007ff844a30000 - 0x00007ff84554e000 	C:\Users\NTBK\.jdks\openjdk-14.0.2\bin\server\jvm.dll
0x00007ff8b2920000 - 0x00007ff8b29cc000 	C:\WINDOWS\System32\ADVAPI32.dll
0x00007ff8b3ef0000 - 0x00007ff8b3f8b000 	C:\WINDOWS\System32\sechost.dll
0x00007ff8b29d0000 - 0x00007ff8b2afb000 	C:\WINDOWS\System32\RPCRT4.dll
0x00007ff8b26f0000 - 0x00007ff8b26f8000 	C:\WINDOWS\System32\PSAPI.DLL
0x00007ff8a94c0000 - 0x00007ff8a94ca000 	C:\WINDOWS\SYSTEM32\VERSION.dll
0x00007ff89bbe0000 - 0x00007ff89bbe9000 	C:\WINDOWS\SYSTEM32\WSOCK32.dll
0x00007ff8b4010000 - 0x00007ff8b407b000 	C:\WINDOWS\System32\WS2_32.dll
0x00007ff89f200000 - 0x00007ff89f227000 	C:\WINDOWS\SYSTEM32\WINMM.dll
0x00007ff8b03e0000 - 0x00007ff8b03f2000 	C:\WINDOWS\SYSTEM32\kernel.appcore.dll
0x00007ff8accd0000 - 0x00007ff8accda000 	C:\Users\NTBK\.jdks\openjdk-14.0.2\bin\jimage.dll
0x00007ff8b00f0000 - 0x00007ff8b02d4000 	C:\WINDOWS\SYSTEM32\DBGHELP.DLL
0x00007ff8a2860000 - 0x00007ff8a288c000 	C:\WINDOWS\SYSTEM32\dbgcore.DLL
0x00007ff8b23b0000 - 0x00007ff8b2430000 	C:\WINDOWS\System32\bcryptPrimitives.dll
0x00007ff8aac10000 - 0x00007ff8aac1e000 	C:\Users\NTBK\.jdks\openjdk-14.0.2\bin\instrument.dll
0x00007ff89fa40000 - 0x00007ff89fa65000 	C:\Users\NTBK\.jdks\openjdk-14.0.2\bin\java.dll
0x00007ff89fa20000 - 0x00007ff89fa36000 	C:\Users\NTBK\.jdks\openjdk-14.0.2\bin\zip.dll
0x00007ff8b2fd0000 - 0x00007ff8b3712000 	C:\WINDOWS\System32\SHELL32.dll
0x00007ff8af890000 - 0x00007ff8b0020000 	C:\WINDOWS\SYSTEM32\windows.storage.dll
0x00007ff8b3b90000 - 0x00007ff8b3ee5000 	C:\WINDOWS\System32\combase.dll
0x00007ff8b14b0000 - 0x00007ff8b14dc000 	C:\WINDOWS\SYSTEM32\Wldp.dll
0x00007ff8b4220000 - 0x00007ff8b42ce000 	C:\WINDOWS\System32\SHCORE.dll
0x00007ff8b28b0000 - 0x00007ff8b2905000 	C:\WINDOWS\System32\shlwapi.dll
0x00007ff8b1a50000 - 0x00007ff8b1a6f000 	C:\WINDOWS\SYSTEM32\profapi.dll
0x00007ff89fa00000 - 0x00007ff89fa19000 	C:\Users\NTBK\.jdks\openjdk-14.0.2\bin\net.dll
0x00007ff89d5b0000 - 0x00007ff89d6bb000 	C:\WINDOWS\SYSTEM32\WINHTTP.dll
0x00007ff8b1220000 - 0x00007ff8b128a000 	C:\WINDOWS\system32\mswsock.dll
0x00007ff89f900000 - 0x00007ff89f912000 	C:\Users\NTBK\.jdks\openjdk-14.0.2\bin\nio.dll
0x00007ff8aa2b0000 - 0x00007ff8aa2ca000 	C:\Program Files\JetBrains\IntelliJ IDEA 2020.2.11\bin\breakgen64.dll
0x00007ff878ae0000 - 0x00007ff878b44000 	C:\Users\NTBK\AppData\Local\Temp\lwjglNTBK\3.2.3-build-13\lwjgl.dll
0x00007ff878a70000 - 0x00007ff878ad2000 	C:\Users\NTBK\AppData\Local\Temp\lwjglNTBK\3.2.3-build-13\glfw.dll
0x00007ff8aebc0000 - 0x00007ff8aec5e000 	C:\WINDOWS\system32\uxtheme.dll
0x00007ff885c30000 - 0x00007ff885c75000 	C:\WINDOWS\SYSTEM32\dinput8.dll
0x00007ff8a92e0000 - 0x00007ff8a92f1000 	C:\WINDOWS\SYSTEM32\xinput1_4.dll
0x00007ff8b1b10000 - 0x00007ff8b1b5e000 	C:\WINDOWS\System32\cfgmgr32.dll
0x00007ff8b1850000 - 0x00007ff8b187c000 	C:\WINDOWS\SYSTEM32\DEVOBJ.dll
0x00007ff8aee50000 - 0x00007ff8aee7f000 	C:\WINDOWS\SYSTEM32\dwmapi.dll
0x00007ff8a8880000 - 0x00007ff8a89d2000 	C:\WINDOWS\SYSTEM32\inputhost.dll
0x00007ff8b2510000 - 0x00007ff8b25dd000 	C:\WINDOWS\System32\OLEAUT32.dll
0x00007ff8ae6f0000 - 0x00007ff8ae7e2000 	C:\WINDOWS\SYSTEM32\CoreMessaging.dll
0x00007ff8adcc0000 - 0x00007ff8ade14000 	C:\WINDOWS\SYSTEM32\wintypes.dll
0x00007ff8acd90000 - 0x00007ff8ace87000 	C:\WINDOWS\SYSTEM32\PROPSYS.dll
0x00007ff8ae390000 - 0x00007ff8ae6ee000 	C:\WINDOWS\SYSTEM32\CoreUIComponents.dll
0x00007ff8b0910000 - 0x00007ff8b0943000 	C:\WINDOWS\SYSTEM32\ntmarta.dll
0x00007ff8b2c90000 - 0x00007ff8b2da5000 	C:\WINDOWS\System32\MSCTF.dll
0x00007ff8b0020000 - 0x00007ff8b002d000 	C:\WINDOWS\SYSTEM32\HID.DLL
0x00007ff8b3720000 - 0x00007ff8b3b89000 	C:\WINDOWS\System32\SETUPAPI.DLL
0x00007ff8b2350000 - 0x00007ff8b2377000 	C:\WINDOWS\System32\bcrypt.dll
0x00007ff8b21a0000 - 0x00007ff8b2200000 	C:\WINDOWS\System32\WINTRUST.dll
0x00007ff8b1b60000 - 0x00007ff8b1cbf000 	C:\WINDOWS\System32\CRYPT32.dll
0x00007ff8b1630000 - 0x00007ff8b1642000 	C:\WINDOWS\SYSTEM32\MSASN1.dll
0x00007ff88eb20000 - 0x00007ff88ec46000 	C:\WINDOWS\SYSTEM32\opengl32.dll
0x00007ff88f130000 - 0x00007ff88f15c000 	C:\WINDOWS\SYSTEM32\GLU32.dll
0x00007ff8b2e50000 - 0x00007ff8b2ef9000 	C:\WINDOWS\System32\clbcatq.dll
0x00007ff81ce00000 - 0x00007ff81ddd2000 	C:\WINDOWS\System32\DriverStore\FileRepository\igdlh64.inf_amd64_af02201d084badde\ig9icd64.dll
0x00007ff8b2b00000 - 0x00007ff8b2c2a000 	C:\WINDOWS\System32\ole32.dll
0x00007ff8b0450000 - 0x00007ff8b0544000 	C:\WINDOWS\system32\dxgi.dll
0x00007ff8a62d0000 - 0x00007ff8a6527000 	C:\WINDOWS\System32\DriverStore\FileRepository\igdlh64.inf_amd64_af02201d084badde\igdgmm64.dll
0x00007ff8a3640000 - 0x00007ff8a6259000 	C:\WINDOWS\System32\DriverStore\FileRepository\igdlh64.inf_amd64_af02201d084badde\igc64.dll
0x00007ff8b1980000 - 0x00007ff8b19cb000 	C:\WINDOWS\SYSTEM32\powrprof.dll
0x00007ff8b1960000 - 0x00007ff8b1972000 	C:\WINDOWS\SYSTEM32\UMPDC.dll
0x00007ff873710000 - 0x00007ff873b1b000 	C:\WINDOWS\System32\DriverStore\FileRepository\igdlh64.inf_amd64_af02201d084badde\igdml64.dll
0x00007ff8a1c80000 - 0x00007ff8a1d79000 	C:\WINDOWS\SYSTEM32\textinputframework.dll
0x00007ff876930000 - 0x00007ff876989000 	C:\Users\NTBK\AppData\Local\Temp\lwjglNTBK\3.2.3-build-13\lwjgl_opengl.dll
0x00007ff8aa0a0000 - 0x00007ff8aa0b0000 	C:\Users\NTBK\.jdks\openjdk-14.0.2\bin\verify.dll
0x00007ff8768b0000 - 0x00007ff876927000 	C:\Users\NTBK\AppData\Local\Temp\lwjglNTBK\3.2.3-build-13\lwjgl_stb.dll

dbghelp: loaded successfully - version: 4.0.5 - missing functions: none
symbol engine: initialized successfully - sym options: 0x614 - pdb path: .;C:\Users\NTBK\.jdks\openjdk-14.0.2\bin;C:\WINDOWS\SYSTEM32;C:\Program Files\AVG\Antivirus;C:\WINDOWS\WinSxS\amd64_microsoft.windows.common-controls_6595b64144ccf1df_6.0.19041.844_none_ca00b6081b84eb1d;C:\Users\NTBK\.jdks\openjdk-14.0.2\bin\server;C:\Program Files\JetBrains\IntelliJ IDEA 2020.2.11\bin;C:\Users\NTBK\AppData\Local\Temp\lwjglNTBK\3.2.3-build-13;C:\WINDOWS\System32\DriverStore\FileRepository\igdlh64.inf_amd64_af02201d084badde

VM Arguments:
jvm_args: -javaagent:C:\Program Files\JetBrains\IntelliJ IDEA 2020.2.11\lib\idea_rt.jar=64117:C:\Program Files\JetBrains\IntelliJ IDEA 2020.2.11\bin -Dfile.encoding=UTF-8 
java_command: educanet.Main
java_class_path (initial): C:\GitHub\OpenGL-Examples\Indices\build\classes\java\main;C:\Users\NTBK\.gradle\caches\modules-2\files-2.1\org.lwjgl\lwjgl-assimp\3.2.3\f62aa07a20afbdd3097efc296c4841e0d29700eb\lwjgl-assimp-3.2.3.jar;C:\Users\NTBK\.gradle\caches\modules-2\files-2.1\org.lwjgl\lwjgl-glfw\3.2.3\5e520d5c290c8b012545a8d34fa5db5ab051ea53\lwjgl-glfw-3.2.3.jar;C:\Users\NTBK\.gradle\caches\modules-2\files-2.1\org.lwjgl\lwjgl-openal\3.2.3\106742e805803ab9eab8e343f0fb31a3d263903c\lwjgl-openal-3.2.3.jar;C:\Users\NTBK\.gradle\caches\modules-2\files-2.1\org.lwjgl\lwjgl-opengl\3.2.3\bdd534a323d0c8f54969b95e424b6ac8984f7d6e\lwjgl-opengl-3.2.3.jar;C:\Users\NTBK\.gradle\caches\modules-2\files-2.1\org.lwjgl\lwjgl-stb\3.2.3\40eccaa4fa86fc815f2e17946a392fb5fdcc286a\lwjgl-stb-3.2.3.jar;C:\Users\NTBK\.gradle\caches\modules-2\files-2.1\org.lwjgl\lwjgl\3.2.3\17a59ba0fe8d474ec9dbe0d5db40d2cfe59c4c08\lwjgl-3.2.3.jar;C:\Users\NTBK\.gradle\caches\modules-2\files-2.1\org.joml\joml\1.10.0\a29b8bf72dc1478e9ceea256db214188da94f313\joml-1.10.0.jar;C:\Users\NTBK\.gradle\caches\modules-2\files-2.1\org.lwjgl\lwjgl-assimp\3.2.3\4e60aeb75f0343c4a9ede4ef8b6b32ca702a00a3\lwjgl-assimp-3.2.3-natives-windows.jar;C:\Users\NTBK\.gradle\caches\modules-2\files-2.1\org.lwjgl\lwjgl-glfw\3.2.3\b4d8a3477cdc2edcf7a5f1e822926be846223f54\lwjgl-glfw-3.2.3-natives-windows.jar;C:\Users\NTBK\.gradle\caches\modules-2\files-2.1\org.lwjgl\lwjgl-openal\3.2.3\ec898e8ce11b5886f4f532a1536283ef2817758d\lwjgl-openal-3.2.3-natives-windows.jar;C:\Users\NTBK\.gradle\caches\modules-2\files-2.1\org.lwjgl\lwjgl-opengl\3.2.3\e81cfc73ec8708e5e791ed770e4ec3edfc1bbab1\lwjgl-opengl-3.2.3-natives-windows.jar;C:\Users\NTBK\.gradle\caches\modules-2\files-2.1\org.lwjgl\lwjgl-stb\3.2.3\817b21ec286f0ba3dcedb56a3bd275e6a9345be9\lwjgl-stb-3.2.3-natives-windows.jar;C:\Users\NTBK\.gradle\caches\modules-2\files-2.1\org.lwjgl\lwjgl\3.2.3\27f32cd35349684745951e04388e8e00d681cdcd\lwjgl-3.2.3-natives-windows.jar
Launcher Type: SUN_STANDARD

[Global flags]
     intx CICompilerCount                          = 3                                         {product} {ergonomic}
     uint ConcGCThreads                            = 1                                         {product} {ergonomic}
     uint G1ConcRefinementThreads                  = 4                                         {product} {ergonomic}
   size_t G1HeapRegionSize                         = 1048576                                   {product} {ergonomic}
    uintx GCDrainStackTargetSize                   = 64                                        {product} {ergonomic}
   size_t InitialHeapSize                          = 134217728                                 {product} {ergonomic}
   size_t MarkStackSize                            = 4194304                                   {product} {ergonomic}
   size_t MaxHeapSize                              = 2122317824                                {product} {ergonomic}
   size_t MaxNewSize                               = 1272971264                                {product} {ergonomic}
   size_t MinHeapDeltaBytes                        = 1048576                                   {product} {ergonomic}
   size_t MinHeapSize                              = 8388608                                   {product} {ergonomic}
    uintx NonNMethodCodeHeapSize                   = 5832780                                {pd product} {ergonomic}
    uintx NonProfiledCodeHeapSize                  = 122912730                              {pd product} {ergonomic}
    uintx ProfiledCodeHeapSize                     = 122912730                              {pd product} {ergonomic}
    uintx ReservedCodeCacheSize                    = 251658240                              {pd product} {ergonomic}
     bool SegmentedCodeCache                       = true                                      {product} {ergonomic}
   size_t SoftMaxHeapSize                          = 2122317824                             {manageable} {ergonomic}
     bool UseCompressedClassPointers               = true                                 {lp64_product} {ergonomic}
     bool UseCompressedOops                        = true                                 {lp64_product} {ergonomic}
     bool UseG1GC                                  = true                                      {product} {ergonomic}
     bool UseLargePagesIndividualAllocation        = false                                  {pd product} {ergonomic}

Logging:
Log output configuration:
 #0: stdout all=warning uptime,level,tags
 #1: stderr all=off uptime,level,tags

Environment Variables:
PATH=C:\Program Files (x86)\Common Files\Oracle\Java\javapath;C:\WINDOWS\system32;C:\WINDOWS;C:\WINDOWS\System32\Wbem;C:\WINDOWS\System32\WindowsPowerShell\v1.0\;C:\WINDOWS\System32\OpenSSH\;C:\Program Files\Intel\WiFi\bin\;C:\Program Files\Common Files\Intel\WirelessCommon\;C:\Downloads\;C:\Program Files\Git\cmd;C:\Program Files (x86)\Intel\Intel(R) Management Engine Components\DAL;C:\Program Files\Intel\Intel(R) Management Engine Components\DAL;C:\Program Files\Intel\Intel(R) Memory and Storage Tool\;C:\Users\NTBK\AppData\Local\Microsoft\WindowsApps;C:\Users\NTBK\AppData\Local\GitHubDesktop\bin;C:\Users\NTBK\AppData\Roaming\npm
USERNAME=NTBK
OS=Windows_NT
PROCESSOR_IDENTIFIER=Intel64 Family 6 Model 142 Stepping 9, GenuineIntel



---------------  S Y S T E M  ---------------

OS: Windows 10 , 64 bit Build 19041 (10.0.19041.928)
OS uptime: 7 days 1:18 hours

CPU:total 4 (initial active 4) (2 cores per cpu, 2 threads per core) family 6 model 142 stepping 9, cmov, cx8, fxsr, mmx, sse, sse2, sse3, ssse3, sse4.1, sse4.2, popcnt, avx, avx2, aes, clmul, erms, 3dnowpref, lzcnt, ht, tsc, tscinvbit, bmi1, bmi2, adx, fma

Memory: 4k page, system-wide physical 8090M (1811M free)
TotalPageFile size 13406M (AvailPageFile size 2002M)
current process WorkingSet (physical memory assigned to process): 114M, peak: 114M
current process commit charge ("private bytes"): 244M, peak: 245M

vm_info: OpenJDK 64-Bit Server VM (14.0.2+12-46) for windows-amd64 JRE (14.0.2+12-46), built on Jul  9 2020 00:31:16 by "mach5one" with MS VC++ 15.9 (VS2017)

END.
